[ 2017-10-08T21:33:12+08:00 ] ::1 /weicms/index.php?s=/Admin/Index/Index.html
INFO: [ app_init ] --START--
INFO: Run Behavior\BuildLiteBehavior [ RunTime:0.000000s ]
INFO: Run Common\Behavior\InitHookBehavior [ RunTime:0.003000s ]
INFO: [ app_init ] --END-- [ RunTime:0.004000s ]
INFO: [ app_begin ] --START--
INFO: Run Behavior\ReadHtmlCacheBehavior [ RunTime:0.003000s ]
INFO: [ app_begin ] --END-- [ RunTime:0.003000s ]
SQL: SELECT `value` FROM `wp_config` WHERE ( name="FOLLOW_YOUKE_UID" ) LIMIT 1   [ RunTime:0.0000s ]
SQL: UPDATE `wp_config` SET `value`='-377' WHERE ( name="FOLLOW_YOUKE_UID" ) [ RunTime:0.0000s ]
NOTIC: [8] Undefined index: uid D:\AMXPP\htdocs\weicms\ThinkPHP\Library\Think\Controller.class.php 第 524 行.
SQL: SHOW COLUMNS FROM `wp_auth_group_access` [ RunTime:0.0030s ]
SQL: SELECT a.uid,a.group_id,g.title,g.rules FROM wp_auth_group_access a INNER JOIN wp_auth_group g on a.group_id=g.id  WHERE ( a.uid='-377' and g.status='1' )  [ RunTime:0.0000s ]
SQL: SELECT `id`,`token` FROM `wp_public`  [ RunTime:0.0010s ]
NOTIC: [2] Invalid argument supplied for foreach() D:\AMXPP\htdocs\weicms\Application\Common\Model\PublicModel.class.php 第 31 行.
NOTIC: [8] Undefined index: addon_status D:\AMXPP\htdocs\weicms\Application\Common\Model\AddonStatusModel.class.php 第 47 行.
NOTIC: [8] Undefined index: group_id D:\AMXPP\htdocs\weicms\Application\Common\Model\AddonStatusModel.class.php 第 50 行.
NOTIC: [8] Undefined variable: addons D:\AMXPP\htdocs\weicms\Application\Common\Common\function.php 第 501 行.
SQL: SELECT * FROM `wp_manager_menu` WHERE `uid` = 0 AND `is_hide` = 0 ORDER BY sort asc, id asc  [ RunTime:0.0010s ]
SQL: SELECT * FROM `wp_manager_menu` WHERE `uid` = 1 AND `is_hide` = 0 ORDER BY sort asc, id asc  [ RunTime:0.0010s ]
NOTIC: [2] Invalid argument supplied for foreach() D:\AMXPP\htdocs\weicms\Application\Common\Model\ManagerMenuModel.class.php 第 45 行.
NOTIC: [2] Invalid argument supplied for foreach() D:\AMXPP\htdocs\weicms\Application\Common\Model\ManagerMenuModel.class.php 第 75 行.
NOTIC: [8] Undefined variable: res D:\AMXPP\htdocs\weicms\Application\Common\Model\ManagerMenuModel.class.php 第 121 行.
NOTIC: [8] Undefined index: core_top_menu D:\AMXPP\htdocs\weicms\Application\Common\Model\ManagerMenuModel.class.php 第 132 行.
NOTIC: [2] Invalid argument supplied for foreach() D:\AMXPP\htdocs\weicms\Application\Common\Model\ManagerMenuModel.class.php 第 132 行.
NOTIC: [8] Undefined index: default_data D:\AMXPP\htdocs\weicms\Application\Common\Model\ManagerMenuModel.class.php 第 151 行.
NOTIC: [2] Invalid argument supplied for foreach() D:\AMXPP\htdocs\weicms\Application\Common\Model\ManagerMenuModel.class.php 第 151 行.
NOTIC: [2] Invalid argument supplied for foreach() D:\AMXPP\htdocs\weicms\Application\Common\Model\ManagerMenuModel.class.php 第 168 行.
NOTIC: [2] Invalid argument supplied for foreach() D:\AMXPP\htdocs\weicms\Application\Common\Model\ManagerMenuModel.class.php 第 176 行.
SQL: SELECT * FROM `wp_public_link` WHERE `uid` = 0  [ RunTime:0.0000s ]
NOTIC: [2] Invalid argument supplied for foreach() D:\AMXPP\htdocs\weicms\Application\Common\Model\PublicModel.class.php 第 48 行.
NOTIC: [8] Undefined variable: res D:\AMXPP\htdocs\weicms\Application\Common\Model\PublicModel.class.php 第 52 行.
SQL: SELECT `id`,`title` FROM `wp_addons` WHERE `status` = 1  [ RunTime:0.0010s ]
SQL: UPDATE `wp_attribute` SET `extra`='167:微信小程序内容管理Cms
' WHERE `name` = 'addon_status' [ RunTime:0.0020s ]

[ 2017-10-08T21:33:12+08:00 ] ::1 /weicms/index.php?s=/Admin/Public/login.html
INFO: [ app_init ] --START--
INFO: Run Behavior\BuildLiteBehavior [ RunTime:0.000000s ]
INFO: Run Common\Behavior\InitHookBehavior [ RunTime:0.001000s ]
INFO: [ app_init ] --END-- [ RunTime:0.001000s ]
INFO: [ app_begin ] --START--
INFO: Run Behavior\ReadHtmlCacheBehavior [ RunTime:0.000000s ]
INFO: [ app_begin ] --END-- [ RunTime:0.000000s ]
NOTIC: [8] Undefined index: uid D:\AMXPP\htdocs\weicms\ThinkPHP\Library\Think\Controller.class.php 第 524 行.
SQL: SHOW COLUMNS FROM `wp_auth_group_access` [ RunTime:0.0020s ]
SQL: SELECT a.uid,a.group_id,g.title,g.rules FROM wp_auth_group_access a INNER JOIN wp_auth_group g on a.group_id=g.id  WHERE ( a.uid='-377' and g.status='1' )  [ RunTime:0.0000s ]
SQL: SELECT `id`,`token` FROM `wp_public`  [ RunTime:0.0010s ]
NOTIC: [2] Invalid argument supplied for foreach() D:\AMXPP\htdocs\weicms\Application\Common\Model\PublicModel.class.php 第 31 行.
NOTIC: [8] Undefined index: addon_status D:\AMXPP\htdocs\weicms\Application\Common\Model\AddonStatusModel.class.php 第 47 行.
NOTIC: [8] Undefined index: group_id D:\AMXPP\htdocs\weicms\Application\Common\Model\AddonStatusModel.class.php 第 50 行.
NOTIC: [8] Undefined variable: addons D:\AMXPP\htdocs\weicms\Application\Common\Common\function.php 第 501 行.
SQL: SELECT * FROM `wp_manager_menu` WHERE `uid` = -377 AND `is_hide` = 0 ORDER BY sort asc, id asc  [ RunTime:0.0000s ]
SQL: SELECT * FROM `wp_manager_menu` WHERE `uid` = 1 AND `is_hide` = 0 ORDER BY sort asc, id asc  [ RunTime:0.0010s ]
NOTIC: [2] Invalid argument supplied for foreach() D:\AMXPP\htdocs\weicms\Application\Common\Model\ManagerMenuModel.class.php 第 45 行.
NOTIC: [2] Invalid argument supplied for foreach() D:\AMXPP\htdocs\weicms\Application\Common\Model\ManagerMenuModel.class.php 第 75 行.
NOTIC: [8] Undefined variable: res D:\AMXPP\htdocs\weicms\Application\Common\Model\ManagerMenuModel.class.php 第 121 行.
NOTIC: [8] Undefined index: core_top_menu D:\AMXPP\htdocs\weicms\Application\Common\Model\ManagerMenuModel.class.php 第 132 行.
NOTIC: [2] Invalid argument supplied for foreach() D:\AMXPP\htdocs\weicms\Application\Common\Model\ManagerMenuModel.class.php 第 132 行.
NOTIC: [8] Undefined index: default_data D:\AMXPP\htdocs\weicms\Application\Common\Model\ManagerMenuModel.class.php 第 151 行.
NOTIC: [2] Invalid argument supplied for foreach() D:\AMXPP\htdocs\weicms\Application\Common\Model\ManagerMenuModel.class.php 第 151 行.
NOTIC: [2] Invalid argument supplied for foreach() D:\AMXPP\htdocs\weicms\Application\Common\Model\ManagerMenuModel.class.php 第 168 行.
NOTIC: [2] Invalid argument supplied for foreach() D:\AMXPP\htdocs\weicms\Application\Common\Model\ManagerMenuModel.class.php 第 176 行.
SQL: SELECT * FROM `wp_public_link` WHERE `uid` = -377  [ RunTime:0.0000s ]
NOTIC: [2] Invalid argument supplied for foreach() D:\AMXPP\htdocs\weicms\Application\Common\Model\PublicModel.class.php 第 48 行.
NOTIC: [8] Undefined variable: res D:\AMXPP\htdocs\weicms\Application\Common\Model\PublicModel.class.php 第 52 行.
INFO: [ view_parse ] --START--
INFO: [ template_filter ] --START--
INFO: Run Behavior\ContentReplaceBehavior [ RunTime:0.000000s ]
INFO: [ template_filter ] --END-- [ RunTime:0.000000s ]
INFO: Run Behavior\ParseTemplateBehavior [ RunTime:0.007000s ]
INFO: [ view_parse ] --END-- [ RunTime:0.007000s ]
INFO: [ view_filter ] --START--
INFO: Run Behavior\WriteHtmlCacheBehavior [ RunTime:0.000000s ]
INFO: [ view_filter ] --END-- [ RunTime:0.000000s ]
INFO: [ app_end ] --START--
INFO: Run Behavior\ShowPageTraceBehavior [ RunTime:0.001000s ]
INFO: Run Behavior\CronRunBehavior [ RunTime:0.001000s ]
INFO: [ app_end ] --END-- [ RunTime:0.002000s ]

[ 2017-10-08T21:33:21+08:00 ] ::1 /weicms/index.php?s=/Admin/Public/login.html
INFO: [ app_init ] --START--
INFO: Run Behavior\BuildLiteBehavior [ RunTime:0.000000s ]
INFO: Run Common\Behavior\InitHookBehavior [ RunTime:0.002000s ]
INFO: [ app_init ] --END-- [ RunTime:0.002000s ]
INFO: [ app_begin ] --START--
INFO: Run Behavior\ReadHtmlCacheBehavior [ RunTime:0.000000s ]
INFO: [ app_begin ] --END-- [ RunTime:0.000000s ]
NOTIC: [8] Undefined index: uid D:\AMXPP\htdocs\weicms\ThinkPHP\Library\Think\Controller.class.php 第 524 行.
SQL: SELECT `uid`,`nickname`,`password`,`truename`,`mobile`,`email`,`sex`,`headimgurl`,`city`,`province`,`country`,`language`,`score`,`experience`,`unionid`,`login_count`,`reg_ip`,`reg_time`,`last_login_ip`,`last_login_time`,`status`,`is_init`,`is_audit`,`subscribe_time`,`remark`,`groupid`,`come_from`,`login_name`,`login_password`,`manager_id`,`level`,`membership` FROM `wp_user` WHERE `login_name` = 'admin' LIMIT 1   [ RunTime:0.0010s ]
SQL: SELECT * FROM `wp_action` WHERE `name` = 'admin_login' LIMIT 1   [ RunTime:0.0250s ]
SQL: INSERT INTO `wp_action_log` (`action_id`,`user_id`,`action_ip`,`model`,`record_id`,`create_time`,`remark`) VALUES ('12','1','0','user','1','1507469601','admin在2017-10-08 21:33登录了后台') [ RunTime:0.0280s ]
SQL: UPDATE `wp_user` SET `login_count`=`login_count`+1,`last_login_time`='1507469601',`last_login_ip`='0' WHERE `uid` = 1 [ RunTime:0.0010s ]

[ 2017-10-08T21:33:21+08:00 ] ::1 /weicms/index.php?s=/Admin/Index/index.html
INFO: [ app_init ] --START--
INFO: Run Behavior\BuildLiteBehavior [ RunTime:0.000000s ]
INFO: Run Common\Behavior\InitHookBehavior [ RunTime:0.001000s ]
INFO: [ app_init ] --END-- [ RunTime:0.001000s ]
INFO: [ app_begin ] --START--
INFO: Run Behavior\ReadHtmlCacheBehavior [ RunTime:0.000000s ]
INFO: [ app_begin ] --END-- [ RunTime:0.000000s ]
NOTIC: [8] Undefined index: uid D:\AMXPP\htdocs\weicms\ThinkPHP\Library\Think\Controller.class.php 第 524 行.
SQL: SELECT `id`,`token` FROM `wp_public`  [ RunTime:0.0000s ]
NOTIC: [2] Invalid argument supplied for foreach() D:\AMXPP\htdocs\weicms\Application\Common\Model\PublicModel.class.php 第 31 行.
NOTIC: [8] Undefined index: addon_status D:\AMXPP\htdocs\weicms\Application\Common\Model\AddonStatusModel.class.php 第 47 行.
NOTIC: [8] Undefined index: group_id D:\AMXPP\htdocs\weicms\Application\Common\Model\AddonStatusModel.class.php 第 50 行.
NOTIC: [8] Undefined variable: addons D:\AMXPP\htdocs\weicms\Application\Common\Common\function.php 第 501 行.
SQL: SELECT * FROM `wp_manager_menu` WHERE `uid` = 1 AND `is_hide` = 0 ORDER BY sort asc, id asc  [ RunTime:0.0010s ]
SQL: SELECT * FROM `wp_manager_menu` WHERE `uid` = 1 AND `is_hide` = 0 ORDER BY sort asc, id asc  [ RunTime:0.0000s ]
NOTIC: [2] Invalid argument supplied for foreach() D:\AMXPP\htdocs\weicms\Application\Common\Model\ManagerMenuModel.class.php 第 45 行.
NOTIC: [2] Invalid argument supplied for foreach() D:\AMXPP\htdocs\weicms\Application\Common\Model\ManagerMenuModel.class.php 第 75 行.
NOTIC: [8] Undefined variable: res D:\AMXPP\htdocs\weicms\Application\Common\Model\ManagerMenuModel.class.php 第 121 行.
NOTIC: [8] Undefined index: core_top_menu D:\AMXPP\htdocs\weicms\Application\Common\Model\ManagerMenuModel.class.php 第 132 行.
NOTIC: [2] Invalid argument supplied for foreach() D:\AMXPP\htdocs\weicms\Application\Common\Model\ManagerMenuModel.class.php 第 132 行.
NOTIC: [8] Undefined index: default_data D:\AMXPP\htdocs\weicms\Application\Common\Model\ManagerMenuModel.class.php 第 151 行.
NOTIC: [2] Invalid argument supplied for foreach() D:\AMXPP\htdocs\weicms\Application\Common\Model\ManagerMenuModel.class.php 第 151 行.
NOTIC: [2] Invalid argument supplied for foreach() D:\AMXPP\htdocs\weicms\Application\Common\Model\ManagerMenuModel.class.php 第 168 行.
NOTIC: [2] Invalid argument supplied for foreach() D:\AMXPP\htdocs\weicms\Application\Common\Model\ManagerMenuModel.class.php 第 176 行.
SQL: SELECT * FROM `wp_public_link` WHERE `uid` = 1  [ RunTime:0.0000s ]
NOTIC: [2] Invalid argument supplied for foreach() D:\AMXPP\htdocs\weicms\Application\Common\Model\PublicModel.class.php 第 48 行.
NOTIC: [8] Undefined variable: res D:\AMXPP\htdocs\weicms\Application\Common\Model\PublicModel.class.php 第 52 行.
SQL: SELECT `id`,`title` FROM `wp_addons` WHERE `status` = 1  [ RunTime:0.0010s ]
SQL: UPDATE `wp_attribute` SET `extra`='167:微信小程序内容管理Cms
' WHERE `name` = 'addon_status' [ RunTime:0.0010s ]
SQL: SELECT `id`,`title`,`url` FROM `wp_menu` WHERE `pid` = 0 AND `hide` = 0 AND `is_dev` = 0 ORDER BY sort asc  [ RunTime:0.0160s ]
SQL: SELECT `pid` FROM `wp_menu` WHERE ( pid !=0 AND url like '%Index/index%' ) LIMIT 1   [ RunTime:0.0000s ]

[ 2017-10-08T21:33:21+08:00 ] ::1 /weicms/index.php?s=/Admin/Config/group.html
INFO: [ app_init ] --START--
INFO: Run Behavior\BuildLiteBehavior [ RunTime:0.000000s ]
INFO: Run Common\Behavior\InitHookBehavior [ RunTime:0.002000s ]
INFO: [ app_init ] --END-- [ RunTime:0.002000s ]
INFO: [ app_begin ] --START--
INFO: Run Behavior\ReadHtmlCacheBehavior [ RunTime:0.000000s ]
INFO: [ app_begin ] --END-- [ RunTime:0.000000s ]
NOTIC: [8] Undefined index: uid D:\AMXPP\htdocs\weicms\ThinkPHP\Library\Think\Controller.class.php 第 524 行.
SQL: SELECT `id`,`token` FROM `wp_public`  [ RunTime:0.0000s ]
NOTIC: [2] Invalid argument supplied for foreach() D:\AMXPP\htdocs\weicms\Application\Common\Model\PublicModel.class.php 第 31 行.
NOTIC: [8] Undefined index: addon_status D:\AMXPP\htdocs\weicms\Application\Common\Model\AddonStatusModel.class.php 第 47 行.
NOTIC: [8] Undefined index: group_id D:\AMXPP\htdocs\weicms\Application\Common\Model\AddonStatusModel.class.php 第 50 行.
NOTIC: [8] Undefined variable: addons D:\AMXPP\htdocs\weicms\Application\Common\Common\function.php 第 501 行.
SQL: SELECT * FROM `wp_manager_menu` WHERE `uid` = 1 AND `is_hide` = 0 ORDER BY sort asc, id asc  [ RunTime:0.0000s ]
SQL: SELECT * FROM `wp_manager_menu` WHERE `uid` = 1 AND `is_hide` = 0 ORDER BY sort asc, id asc  [ RunTime:0.0000s ]
NOTIC: [2] Invalid argument supplied for foreach() D:\AMXPP\htdocs\weicms\Application\Common\Model\ManagerMenuModel.class.php 第 45 行.
NOTIC: [2] Invalid argument supplied for foreach() D:\AMXPP\htdocs\weicms\Application\Common\Model\ManagerMenuModel.class.php 第 75 行.
NOTIC: [8] Undefined variable: res D:\AMXPP\htdocs\weicms\Application\Common\Model\ManagerMenuModel.class.php 第 121 行.
NOTIC: [8] Undefined index: core_top_menu D:\AMXPP\htdocs\weicms\Application\Common\Model\ManagerMenuModel.class.php 第 132 行.
NOTIC: [2] Invalid argument supplied for foreach() D:\AMXPP\htdocs\weicms\Application\Common\Model\ManagerMenuModel.class.php 第 132 行.
NOTIC: [8] Undefined index: default_data D:\AMXPP\htdocs\weicms\Application\Common\Model\ManagerMenuModel.class.php 第 151 行.
NOTIC: [2] Invalid argument supplied for foreach() D:\AMXPP\htdocs\weicms\Application\Common\Model\ManagerMenuModel.class.php 第 151 行.
NOTIC: [2] Invalid argument supplied for foreach() D:\AMXPP\htdocs\weicms\Application\Common\Model\ManagerMenuModel.class.php 第 168 行.
NOTIC: [2] Invalid argument supplied for foreach() D:\AMXPP\htdocs\weicms\Application\Common\Model\ManagerMenuModel.class.php 第 176 行.
SQL: SELECT * FROM `wp_public_link` WHERE `uid` = 1  [ RunTime:0.0000s ]
NOTIC: [2] Invalid argument supplied for foreach() D:\AMXPP\htdocs\weicms\Application\Common\Model\PublicModel.class.php 第 48 行.
NOTIC: [8] Undefined variable: res D:\AMXPP\htdocs\weicms\Application\Common\Model\PublicModel.class.php 第 52 行.
SQL: SELECT `id`,`title` FROM `wp_addons` WHERE `status` = 1  [ RunTime:0.0000s ]
SQL: UPDATE `wp_attribute` SET `extra`='167:微信小程序内容管理Cms
' WHERE `name` = 'addon_status' [ RunTime:0.0010s ]
SQL: SELECT `id`,`title`,`url` FROM `wp_menu` WHERE `pid` = 0 AND `hide` = 0 AND `is_dev` = 0 ORDER BY sort asc  [ RunTime:0.0000s ]
SQL: SELECT `pid` FROM `wp_menu` WHERE ( pid !=0 AND url like '%Config/group%' ) LIMIT 1   [ RunTime:0.0010s ]
SQL: SELECT * FROM `wp_menu` WHERE `id` = 68 LIMIT 1   [ RunTime:0.0000s ]
SQL: SELECT DISTINCT  `group` FROM `wp_menu` WHERE `group` <> '' AND `pid` = 68  [ RunTime:0.0010s ]
SQL: SELECT `id`,`url` FROM `wp_menu` WHERE `pid` = 68 AND `hide` = 0 AND `is_dev` = 0  [ RunTime:0.0000s ]
SQL: SELECT `id`,`pid`,`title`,`url`,`tip` FROM `wp_menu` WHERE `group` = '系统设置' AND `pid` = 68 AND `hide` = 0 AND `is_dev` = 0 ORDER BY sort asc  [ RunTime:0.0010s ]
SQL: SELECT `id`,`pid`,`title`,`url`,`tip` FROM `wp_menu` WHERE `group` = '数据备份' AND `pid` = 68 AND `hide` = 0 AND `is_dev` = 0 ORDER BY sort asc  [ RunTime:0.0000s ]
SQL: SELECT `id`,`name`,`title`,`extra`,`value`,`remark`,`type` FROM `wp_config` WHERE `status` = 1 AND `group` = 1 ORDER BY sort  [ RunTime:0.0010s ]
INFO: [ view_parse ] --START--
INFO: [ template_filter ] --START--
INFO: Run Behavior\ContentReplaceBehavior [ RunTime:0.001000s ]
INFO: [ template_filter ] --END-- [ RunTime:0.001000s ]
INFO: Run Behavior\ParseTemplateBehavior [ RunTime:0.021000s ]
INFO: [ view_parse ] --END-- [ RunTime:0.021000s ]
INFO: [ view_filter ] --START--
INFO: Run Behavior\WriteHtmlCacheBehavior [ RunTime:0.001000s ]
INFO: [ view_filter ] --END-- [ RunTime:0.001000s ]
INFO: [ app_end ] --START--
INFO: Run Behavior\ShowPageTraceBehavior [ RunTime:0.000000s ]
INFO: Run Behavior\CronRunBehavior [ RunTime:0.002000s ]
INFO: [ app_end ] --END-- [ RunTime:0.002000s ]

[ 2017-10-08T21:33:22+08:00 ] ::1 /weicms/index.php?s=/Admin/update/getRemoteVersion.html
INFO: [ app_init ] --START--
INFO: Run Behavior\BuildLiteBehavior [ RunTime:0.000000s ]
INFO: Run Common\Behavior\InitHookBehavior [ RunTime:0.004000s ]
INFO: [ app_init ] --END-- [ RunTime:0.004000s ]
INFO: [ app_begin ] --START--
INFO: Run Behavior\ReadHtmlCacheBehavior [ RunTime:0.000000s ]
INFO: [ app_begin ] --END-- [ RunTime:0.000000s ]
NOTIC: [8] Undefined index: uid D:\AMXPP\htdocs\weicms\ThinkPHP\Library\Think\Controller.class.php 第 524 行.
SQL: SELECT `id`,`token` FROM `wp_public`  [ RunTime:0.0000s ]
NOTIC: [2] Invalid argument supplied for foreach() D:\AMXPP\htdocs\weicms\Application\Common\Model\PublicModel.class.php 第 31 行.
NOTIC: [8] Undefined index: addon_status D:\AMXPP\htdocs\weicms\Application\Common\Model\AddonStatusModel.class.php 第 47 行.
NOTIC: [8] Undefined index: group_id D:\AMXPP\htdocs\weicms\Application\Common\Model\AddonStatusModel.class.php 第 50 行.
NOTIC: [8] Undefined variable: addons D:\AMXPP\htdocs\weicms\Application\Common\Common\function.php 第 501 行.
SQL: SELECT * FROM `wp_manager_menu` WHERE `uid` = 1 AND `is_hide` = 0 ORDER BY sort asc, id asc  [ RunTime:0.0000s ]
SQL: SELECT * FROM `wp_manager_menu` WHERE `uid` = 1 AND `is_hide` = 0 ORDER BY sort asc, id asc  [ RunTime:0.0010s ]
NOTIC: [2] Invalid argument supplied for foreach() D:\AMXPP\htdocs\weicms\Application\Common\Model\ManagerMenuModel.class.php 第 45 行.
NOTIC: [2] Invalid argument supplied for foreach() D:\AMXPP\htdocs\weicms\Application\Common\Model\ManagerMenuModel.class.php 第 75 行.
NOTIC: [8] Undefined variable: res D:\AMXPP\htdocs\weicms\Application\Common\Model\ManagerMenuModel.class.php 第 121 行.
NOTIC: [8] Undefined index: core_top_menu D:\AMXPP\htdocs\weicms\Application\Common\Model\ManagerMenuModel.class.php 第 132 行.
NOTIC: [2] Invalid argument supplied for foreach() D:\AMXPP\htdocs\weicms\Application\Common\Model\ManagerMenuModel.class.php 第 132 行.
NOTIC: [8] Undefined index: default_data D:\AMXPP\htdocs\weicms\Application\Common\Model\ManagerMenuModel.class.php 第 151 行.
NOTIC: [2] Invalid argument supplied for foreach() D:\AMXPP\htdocs\weicms\Application\Common\Model\ManagerMenuModel.class.php 第 151 行.
NOTIC: [2] Invalid argument supplied for foreach() D:\AMXPP\htdocs\weicms\Application\Common\Model\ManagerMenuModel.class.php 第 168 行.
NOTIC: [2] Invalid argument supplied for foreach() D:\AMXPP\htdocs\weicms\Application\Common\Model\ManagerMenuModel.class.php 第 176 行.
SQL: SELECT * FROM `wp_public_link` WHERE `uid` = 1  [ RunTime:0.0000s ]
NOTIC: [2] Invalid argument supplied for foreach() D:\AMXPP\htdocs\weicms\Application\Common\Model\PublicModel.class.php 第 48 行.
NOTIC: [8] Undefined variable: res D:\AMXPP\htdocs\weicms\Application\Common\Model\PublicModel.class.php 第 52 行.
SQL: SELECT `id`,`title` FROM `wp_addons` WHERE `status` = 1  [ RunTime:0.0010s ]
SQL: UPDATE `wp_attribute` SET `extra`='167:微信小程序内容管理Cms
' WHERE `name` = 'addon_status' [ RunTime:0.0010s ]
SQL: SELECT `id`,`title`,`url` FROM `wp_menu` WHERE `pid` = 0 AND `hide` = 0 AND `is_dev` = 0 ORDER BY sort asc  [ RunTime:0.0000s ]
SQL: SELECT `pid` FROM `wp_menu` WHERE ( pid !=0 AND url like '%Update/getRemoteVersion%' ) LIMIT 1   [ RunTime:0.0000s ]
SQL: SELECT * FROM `wp_menu` WHERE `id` = 68 LIMIT 1   [ RunTime:0.0010s ]
SQL: SELECT DISTINCT  `group` FROM `wp_menu` WHERE `group` <> '' AND `pid` = 68  [ RunTime:0.0000s ]
SQL: SELECT `id`,`url` FROM `wp_menu` WHERE `pid` = 68 AND `hide` = 0 AND `is_dev` = 0  [ RunTime:0.0000s ]
SQL: SELECT `id`,`pid`,`title`,`url`,`tip` FROM `wp_menu` WHERE `group` = '系统设置' AND `pid` = 68 AND `hide` = 0 AND `is_dev` = 0 ORDER BY sort asc  [ RunTime:0.0010s ]
SQL: SELECT `id`,`pid`,`title`,`url`,`tip` FROM `wp_menu` WHERE `group` = '数据备份' AND `pid` = 68 AND `hide` = 0 AND `is_dev` = 0 ORDER BY sort asc  [ RunTime:0.0000s ]
INFO: [ app_end ] --START--
INFO: Run Behavior\ShowPageTraceBehavior [ RunTime:0.002000s ]
INFO: Run Behavior\CronRunBehavior [ RunTime:0.003000s ]
INFO: [ app_end ] --END-- [ RunTime:0.005000s ]

[ 2017-10-08T21:33:23+08:00 ] ::1 /weicms/index.php?s=/Admin/Config/group/id/3.html
INFO: [ app_init ] --START--
INFO: Run Behavior\BuildLiteBehavior [ RunTime:0.000000s ]
INFO: Run Common\Behavior\InitHookBehavior [ RunTime:0.002000s ]
INFO: [ app_init ] --END-- [ RunTime:0.002000s ]
INFO: [ app_begin ] --START--
INFO: Run Behavior\ReadHtmlCacheBehavior [ RunTime:0.001000s ]
INFO: [ app_begin ] --END-- [ RunTime:0.001000s ]
NOTIC: [8] Undefined index: uid D:\AMXPP\htdocs\weicms\ThinkPHP\Library\Think\Controller.class.php 第 524 行.
SQL: SELECT `id`,`token` FROM `wp_public`  [ RunTime:0.0000s ]
NOTIC: [2] Invalid argument supplied for foreach() D:\AMXPP\htdocs\weicms\Application\Common\Model\PublicModel.class.php 第 31 行.
NOTIC: [8] Undefined index: addon_status D:\AMXPP\htdocs\weicms\Application\Common\Model\AddonStatusModel.class.php 第 47 行.
NOTIC: [8] Undefined index: group_id D:\AMXPP\htdocs\weicms\Application\Common\Model\AddonStatusModel.class.php 第 50 行.
NOTIC: [8] Undefined variable: addons D:\AMXPP\htdocs\weicms\Application\Common\Common\function.php 第 501 行.
SQL: SELECT * FROM `wp_manager_menu` WHERE `uid` = 1 AND `is_hide` = 0 ORDER BY sort asc, id asc  [ RunTime:0.0010s ]
SQL: SELECT * FROM `wp_manager_menu` WHERE `uid` = 1 AND `is_hide` = 0 ORDER BY sort asc, id asc  [ RunTime:0.0010s ]
NOTIC: [2] Invalid argument supplied for foreach() D:\AMXPP\htdocs\weicms\Application\Common\Model\ManagerMenuModel.class.php 第 45 行.
NOTIC: [2] Invalid argument supplied for foreach() D:\AMXPP\htdocs\weicms\Application\Common\Model\ManagerMenuModel.class.php 第 75 行.
NOTIC: [8] Undefined variable: res D:\AMXPP\htdocs\weicms\Application\Common\Model\ManagerMenuModel.class.php 第 121 行.
NOTIC: [8] Undefined index: core_top_menu D:\AMXPP\htdocs\weicms\Application\Common\Model\ManagerMenuModel.class.php 第 132 行.
NOTIC: [2] Invalid argument supplied for foreach() D:\AMXPP\htdocs\weicms\Application\Common\Model\ManagerMenuModel.class.php 第 132 行.
NOTIC: [8] Undefined index: default_data D:\AMXPP\htdocs\weicms\Application\Common\Model\ManagerMenuModel.class.php 第 151 行.
NOTIC: [2] Invalid argument supplied for foreach() D:\AMXPP\htdocs\weicms\Application\Common\Model\ManagerMenuModel.class.php 第 151 行.
NOTIC: [2] Invalid argument supplied for foreach() D:\AMXPP\htdocs\weicms\Application\Common\Model\ManagerMenuModel.class.php 第 168 行.
NOTIC: [2] Invalid argument supplied for foreach() D:\AMXPP\htdocs\weicms\Application\Common\Model\ManagerMenuModel.class.php 第 176 行.
SQL: SELECT * FROM `wp_public_link` WHERE `uid` = 1  [ RunTime:0.0010s ]
NOTIC: [2] Invalid argument supplied for foreach() D:\AMXPP\htdocs\weicms\Application\Common\Model\PublicModel.class.php 第 48 行.
NOTIC: [8] Undefined variable: res D:\AMXPP\htdocs\weicms\Application\Common\Model\PublicModel.class.php 第 52 行.
SQL: SELECT `id`,`title` FROM `wp_addons` WHERE `status` = 1  [ RunTime:0.0000s ]
SQL: UPDATE `wp_attribute` SET `extra`='167:微信小程序内容管理Cms
' WHERE `name` = 'addon_status' [ RunTime:0.0010s ]
SQL: SELECT `id`,`title`,`url` FROM `wp_menu` WHERE `pid` = 0 AND `hide` = 0 AND `is_dev` = 0 ORDER BY sort asc  [ RunTime:0.0010s ]
SQL: SELECT `pid` FROM `wp_menu` WHERE ( pid !=0 AND url like '%Config/group%' ) LIMIT 1   [ RunTime:0.0010s ]
SQL: SELECT * FROM `wp_menu` WHERE `id` = 68 LIMIT 1   [ RunTime:0.0000s ]
SQL: SELECT DISTINCT  `group` FROM `wp_menu` WHERE `group` <> '' AND `pid` = 68  [ RunTime:0.0000s ]
SQL: SELECT `id`,`url` FROM `wp_menu` WHERE `pid` = 68 AND `hide` = 0 AND `is_dev` = 0  [ RunTime:0.0010s ]
SQL: SELECT `id`,`pid`,`title`,`url`,`tip` FROM `wp_menu` WHERE `group` = '系统设置' AND `pid` = 68 AND `hide` = 0 AND `is_dev` = 0 ORDER BY sort asc  [ RunTime:0.0010s ]
SQL: SELECT `id`,`pid`,`title`,`url`,`tip` FROM `wp_menu` WHERE `group` = '数据备份' AND `pid` = 68 AND `hide` = 0 AND `is_dev` = 0 ORDER BY sort asc  [ RunTime:0.0000s ]
SQL: SELECT `id`,`name`,`title`,`extra`,`value`,`remark`,`type` FROM `wp_config` WHERE `status` = 1 AND `group` = 3 ORDER BY sort  [ RunTime:0.0000s ]
INFO: [ view_parse ] --START--
INFO: [ template_filter ] --START--
INFO: Run Behavior\ContentReplaceBehavior [ RunTime:0.000000s ]
INFO: [ template_filter ] --END-- [ RunTime:0.000000s ]
INFO: Run Behavior\ParseTemplateBehavior [ RunTime:0.014000s ]
INFO: [ view_parse ] --END-- [ RunTime:0.014000s ]
INFO: [ view_filter ] --START--
INFO: Run Behavior\WriteHtmlCacheBehavior [ RunTime:0.001000s ]
INFO: [ view_filter ] --END-- [ RunTime:0.001000s ]
INFO: [ app_end ] --START--
INFO: Run Behavior\ShowPageTraceBehavior [ RunTime:0.001000s ]
INFO: Run Behavior\CronRunBehavior [ RunTime:0.002000s ]
INFO: [ app_end ] --END-- [ RunTime:0.003000s ]

[ 2017-10-08T21:33:24+08:00 ] ::1 /weicms/index.php?s=/Admin/update/getRemoteVersion.html
INFO: [ app_init ] --START--
INFO: Run Behavior\BuildLiteBehavior [ RunTime:0.000000s ]
INFO: Run Common\Behavior\InitHookBehavior [ RunTime:0.004000s ]
INFO: [ app_init ] --END-- [ RunTime:0.005000s ]
INFO: [ app_begin ] --START--
INFO: Run Behavior\ReadHtmlCacheBehavior [ RunTime:0.000000s ]
INFO: [ app_begin ] --END-- [ RunTime:0.001000s ]
NOTIC: [8] Undefined index: uid D:\AMXPP\htdocs\weicms\ThinkPHP\Library\Think\Controller.class.php 第 524 行.
SQL: SELECT `id`,`token` FROM `wp_public`  [ RunTime:0.0000s ]
NOTIC: [2] Invalid argument supplied for foreach() D:\AMXPP\htdocs\weicms\Application\Common\Model\PublicModel.class.php 第 31 行.
NOTIC: [8] Undefined index: addon_status D:\AMXPP\htdocs\weicms\Application\Common\Model\AddonStatusModel.class.php 第 47 行.
NOTIC: [8] Undefined index: group_id D:\AMXPP\htdocs\weicms\Application\Common\Model\AddonStatusModel.class.php 第 50 行.
NOTIC: [8] Undefined variable: addons D:\AMXPP\htdocs\weicms\Application\Common\Common\function.php 第 501 行.
SQL: SELECT * FROM `wp_manager_menu` WHERE `uid` = 1 AND `is_hide` = 0 ORDER BY sort asc, id asc  [ RunTime:0.0000s ]
SQL: SELECT * FROM `wp_manager_menu` WHERE `uid` = 1 AND `is_hide` = 0 ORDER BY sort asc, id asc  [ RunTime:0.0010s ]
NOTIC: [2] Invalid argument supplied for foreach() D:\AMXPP\htdocs\weicms\Application\Common\Model\ManagerMenuModel.class.php 第 45 行.
NOTIC: [2] Invalid argument supplied for foreach() D:\AMXPP\htdocs\weicms\Application\Common\Model\ManagerMenuModel.class.php 第 75 行.
NOTIC: [8] Undefined variable: res D:\AMXPP\htdocs\weicms\Application\Common\Model\ManagerMenuModel.class.php 第 121 行.
NOTIC: [8] Undefined index: core_top_menu D:\AMXPP\htdocs\weicms\Application\Common\Model\ManagerMenuModel.class.php 第 132 行.
NOTIC: [2] Invalid argument supplied for foreach() D:\AMXPP\htdocs\weicms\Application\Common\Model\ManagerMenuModel.class.php 第 132 行.
NOTIC: [8] Undefined index: default_data D:\AMXPP\htdocs\weicms\Application\Common\Model\ManagerMenuModel.class.php 第 151 行.
NOTIC: [2] Invalid argument supplied for foreach() D:\AMXPP\htdocs\weicms\Application\Common\Model\ManagerMenuModel.class.php 第 151 行.
NOTIC: [2] Invalid argument supplied for foreach() D:\AMXPP\htdocs\weicms\Application\Common\Model\ManagerMenuModel.class.php 第 168 行.
NOTIC: [2] Invalid argument supplied for foreach() D:\AMXPP\htdocs\weicms\Application\Common\Model\ManagerMenuModel.class.php 第 176 行.
SQL: SELECT * FROM `wp_public_link` WHERE `uid` = 1  [ RunTime:0.0000s ]
NOTIC: [2] Invalid argument supplied for foreach() D:\AMXPP\htdocs\weicms\Application\Common\Model\PublicModel.class.php 第 48 行.
NOTIC: [8] Undefined variable: res D:\AMXPP\htdocs\weicms\Application\Common\Model\PublicModel.class.php 第 52 行.
SQL: SELECT `id`,`title` FROM `wp_addons` WHERE `status` = 1  [ RunTime:0.0000s ]
SQL: UPDATE `wp_attribute` SET `extra`='167:微信小程序内容管理Cms
' WHERE `name` = 'addon_status' [ RunTime:0.0020s ]
SQL: SELECT `id`,`title`,`url` FROM `wp_menu` WHERE `pid` = 0 AND `hide` = 0 AND `is_dev` = 0 ORDER BY sort asc  [ RunTime:0.0010s ]
SQL: SELECT `pid` FROM `wp_menu` WHERE ( pid !=0 AND url like '%Update/getRemoteVersion%' ) LIMIT 1   [ RunTime:0.0000s ]
SQL: SELECT * FROM `wp_menu` WHERE `id` = 68 LIMIT 1   [ RunTime:0.0000s ]
SQL: SELECT DISTINCT  `group` FROM `wp_menu` WHERE `group` <> '' AND `pid` = 68  [ RunTime:0.0000s ]
SQL: SELECT `id`,`url` FROM `wp_menu` WHERE `pid` = 68 AND `hide` = 0 AND `is_dev` = 0  [ RunTime:0.0000s ]
SQL: SELECT `id`,`pid`,`title`,`url`,`tip` FROM `wp_menu` WHERE `group` = '系统设置' AND `pid` = 68 AND `hide` = 0 AND `is_dev` = 0 ORDER BY sort asc  [ RunTime:0.0010s ]
SQL: SELECT `id`,`pid`,`title`,`url`,`tip` FROM `wp_menu` WHERE `group` = '数据备份' AND `pid` = 68 AND `hide` = 0 AND `is_dev` = 0 ORDER BY sort asc  [ RunTime:0.0000s ]
INFO: [ app_end ] --START--
INFO: Run Behavior\ShowPageTraceBehavior [ RunTime:0.002000s ]
INFO: Run Behavior\CronRunBehavior [ RunTime:0.003000s ]
INFO: [ app_end ] --END-- [ RunTime:0.005000s ]

[ 2017-10-08T21:33:24+08:00 ] ::1 /weicms/index.php?s=/Admin/Model/index.html
INFO: [ app_init ] --START--
INFO: Run Behavior\BuildLiteBehavior [ RunTime:0.000000s ]
INFO: Run Common\Behavior\InitHookBehavior [ RunTime:0.002000s ]
INFO: [ app_init ] --END-- [ RunTime:0.002000s ]
INFO: [ app_begin ] --START--
INFO: Run Behavior\ReadHtmlCacheBehavior [ RunTime:0.001000s ]
INFO: [ app_begin ] --END-- [ RunTime:0.001000s ]
NOTIC: [8] Undefined index: uid D:\AMXPP\htdocs\weicms\ThinkPHP\Library\Think\Controller.class.php 第 524 行.
SQL: SELECT `id`,`token` FROM `wp_public`  [ RunTime:0.0000s ]
NOTIC: [2] Invalid argument supplied for foreach() D:\AMXPP\htdocs\weicms\Application\Common\Model\PublicModel.class.php 第 31 行.
NOTIC: [8] Undefined index: addon_status D:\AMXPP\htdocs\weicms\Application\Common\Model\AddonStatusModel.class.php 第 47 行.
NOTIC: [8] Undefined index: group_id D:\AMXPP\htdocs\weicms\Application\Common\Model\AddonStatusModel.class.php 第 50 行.
NOTIC: [8] Undefined variable: addons D:\AMXPP\htdocs\weicms\Application\Common\Common\function.php 第 501 行.
SQL: SELECT * FROM `wp_manager_menu` WHERE `uid` = 1 AND `is_hide` = 0 ORDER BY sort asc, id asc  [ RunTime:0.0010s ]
SQL: SELECT * FROM `wp_manager_menu` WHERE `uid` = 1 AND `is_hide` = 0 ORDER BY sort asc, id asc  [ RunTime:0.0000s ]
NOTIC: [2] Invalid argument supplied for foreach() D:\AMXPP\htdocs\weicms\Application\Common\Model\ManagerMenuModel.class.php 第 45 行.
NOTIC: [2] Invalid argument supplied for foreach() D:\AMXPP\htdocs\weicms\Application\Common\Model\ManagerMenuModel.class.php 第 75 行.
NOTIC: [8] Undefined variable: res D:\AMXPP\htdocs\weicms\Application\Common\Model\ManagerMenuModel.class.php 第 121 行.
NOTIC: [8] Undefined index: core_top_menu D:\AMXPP\htdocs\weicms\Application\Common\Model\ManagerMenuModel.class.php 第 132 行.
NOTIC: [2] Invalid argument supplied for foreach() D:\AMXPP\htdocs\weicms\Application\Common\Model\ManagerMenuModel.class.php 第 132 行.
NOTIC: [8] Undefined index: default_data D:\AMXPP\htdocs\weicms\Application\Common\Model\ManagerMenuModel.class.php 第 151 行.
NOTIC: [2] Invalid argument supplied for foreach() D:\AMXPP\htdocs\weicms\Application\Common\Model\ManagerMenuModel.class.php 第 151 行.
NOTIC: [2] Invalid argument supplied for foreach() D:\AMXPP\htdocs\weicms\Application\Common\Model\ManagerMenuModel.class.php 第 168 行.
NOTIC: [2] Invalid argument supplied for foreach() D:\AMXPP\htdocs\weicms\Application\Common\Model\ManagerMenuModel.class.php 第 176 行.
SQL: SELECT * FROM `wp_public_link` WHERE `uid` = 1  [ RunTime:0.0000s ]
NOTIC: [2] Invalid argument supplied for foreach() D:\AMXPP\htdocs\weicms\Application\Common\Model\PublicModel.class.php 第 48 行.
NOTIC: [8] Undefined variable: res D:\AMXPP\htdocs\weicms\Application\Common\Model\PublicModel.class.php 第 52 行.
SQL: SELECT `id`,`title` FROM `wp_addons` WHERE `status` = 1  [ RunTime:0.0010s ]
SQL: UPDATE `wp_attribute` SET `extra`='167:微信小程序内容管理Cms
' WHERE `name` = 'addon_status' [ RunTime:0.0020s ]
SQL: SELECT `id`,`title`,`url` FROM `wp_menu` WHERE `pid` = 0 AND `hide` = 0 AND `is_dev` = 0 ORDER BY sort asc  [ RunTime:0.0010s ]
SQL: SELECT `pid` FROM `wp_menu` WHERE ( pid !=0 AND url like '%Model/index%' ) LIMIT 1   [ RunTime:0.0010s ]
SQL: SELECT * FROM `wp_menu` WHERE `id` = 68 LIMIT 1   [ RunTime:0.0000s ]
SQL: SELECT DISTINCT  `group` FROM `wp_menu` WHERE `group` <> '' AND `pid` = 68  [ RunTime:0.0010s ]
SQL: SELECT `id`,`url` FROM `wp_menu` WHERE `pid` = 68 AND `hide` = 0 AND `is_dev` = 0  [ RunTime:0.0000s ]
SQL: SELECT `id`,`pid`,`title`,`url`,`tip` FROM `wp_menu` WHERE `group` = '系统设置' AND `pid` = 68 AND `hide` = 0 AND `is_dev` = 0 ORDER BY sort asc  [ RunTime:0.0010s ]
SQL: SELECT `id`,`pid`,`title`,`url`,`tip` FROM `wp_menu` WHERE `group` = '数据备份' AND `pid` = 68 AND `hide` = 0 AND `is_dev` = 0 ORDER BY sort asc  [ RunTime:0.0000s ]
SQL: SELECT COUNT(*) AS tp_count FROM `wp_model` WHERE `status` > -1 LIMIT 1   [ RunTime:0.0100s ]
SQL: SELECT `id`,`name`,`title`,`extend`,`relation`,`need_pk`,`field_sort`,`field_group`,`attribute_list`,`template_list`,`template_add`,`template_edit`,`list_grid`,`list_row`,`search_key`,`search_list`,`create_time`,`update_time`,`status`,`engine_type`,`addon` FROM `wp_model` WHERE `status` > -1 ORDER BY id desc LIMIT 0,20   [ RunTime:0.0000s ]
SQL: SELECT `name`,`title` FROM `wp_addons`  [ RunTime:0.0000s ]
NOTIC: [8] Undefined index: Shop D:\AMXPP\htdocs\weicms\Application\Admin\Controller\ModelController.class.php 第 43 行.
NOTIC: [8] Undefined index: UserCenter D:\AMXPP\htdocs\weicms\Application\Admin\Controller\ModelController.class.php 第 43 行.
NOTIC: [8] Undefined index: UserCenter D:\AMXPP\htdocs\weicms\Application\Admin\Controller\ModelController.class.php 第 43 行.
NOTIC: [8] Undefined index: Vote D:\AMXPP\htdocs\weicms\Application\Admin\Controller\ModelController.class.php 第 43 行.
NOTIC: [8] Undefined index: Vote D:\AMXPP\htdocs\weicms\Application\Admin\Controller\ModelController.class.php 第 43 行.
NOTIC: [8] Undefined index: Vote D:\AMXPP\htdocs\weicms\Application\Admin\Controller\ModelController.class.php 第 43 行.
INFO: [ view_parse ] --START--
INFO: [ template_filter ] --START--
INFO: Run Behavior\ContentReplaceBehavior [ RunTime:0.000000s ]
INFO: [ template_filter ] --END-- [ RunTime:0.000000s ]
INFO: Run Behavior\ParseTemplateBehavior [ RunTime:0.033000s ]
INFO: [ view_parse ] --END-- [ RunTime:0.033000s ]
INFO: [ view_filter ] --START--
INFO: Run Behavior\WriteHtmlCacheBehavior [ RunTime:0.001000s ]
INFO: [ view_filter ] --END-- [ RunTime:0.001000s ]
INFO: [ app_end ] --START--
INFO: Run Behavior\ShowPageTraceBehavior [ RunTime:0.001000s ]
INFO: Run Behavior\CronRunBehavior [ RunTime:0.002000s ]
INFO: [ app_end ] --END-- [ RunTime:0.003000s ]

[ 2017-10-08T21:33:30+08:00 ] ::1 /weicms/index.php?s=/Admin/Model/update_sql.html
INFO: [ app_init ] --START--
INFO: Run Behavior\BuildLiteBehavior [ RunTime:0.000000s ]
INFO: Run Common\Behavior\InitHookBehavior [ RunTime:0.003000s ]
INFO: [ app_init ] --END-- [ RunTime:0.003000s ]
INFO: [ app_begin ] --START--
INFO: Run Behavior\ReadHtmlCacheBehavior [ RunTime:0.001000s ]
INFO: [ app_begin ] --END-- [ RunTime:0.001000s ]
NOTIC: [8] Undefined index: uid D:\AMXPP\htdocs\weicms\ThinkPHP\Library\Think\Controller.class.php 第 524 行.
SQL: SELECT `id`,`token` FROM `wp_public`  [ RunTime:0.0000s ]
NOTIC: [2] Invalid argument supplied for foreach() D:\AMXPP\htdocs\weicms\Application\Common\Model\PublicModel.class.php 第 31 行.
NOTIC: [8] Undefined index: addon_status D:\AMXPP\htdocs\weicms\Application\Common\Model\AddonStatusModel.class.php 第 47 行.
NOTIC: [8] Undefined index: group_id D:\AMXPP\htdocs\weicms\Application\Common\Model\AddonStatusModel.class.php 第 50 行.
NOTIC: [8] Undefined variable: addons D:\AMXPP\htdocs\weicms\Application\Common\Common\function.php 第 501 行.
SQL: SELECT * FROM `wp_manager_menu` WHERE `uid` = 1 AND `is_hide` = 0 ORDER BY sort asc, id asc  [ RunTime:0.0010s ]
SQL: SELECT * FROM `wp_manager_menu` WHERE `uid` = 1 AND `is_hide` = 0 ORDER BY sort asc, id asc  [ RunTime:0.0010s ]
NOTIC: [2] Invalid argument supplied for foreach() D:\AMXPP\htdocs\weicms\Application\Common\Model\ManagerMenuModel.class.php 第 45 行.
NOTIC: [2] Invalid argument supplied for foreach() D:\AMXPP\htdocs\weicms\Application\Common\Model\ManagerMenuModel.class.php 第 75 行.
NOTIC: [8] Undefined variable: res D:\AMXPP\htdocs\weicms\Application\Common\Model\ManagerMenuModel.class.php 第 121 行.
NOTIC: [8] Undefined index: core_top_menu D:\AMXPP\htdocs\weicms\Application\Common\Model\ManagerMenuModel.class.php 第 132 行.
NOTIC: [2] Invalid argument supplied for foreach() D:\AMXPP\htdocs\weicms\Application\Common\Model\ManagerMenuModel.class.php 第 132 行.
NOTIC: [8] Undefined index: default_data D:\AMXPP\htdocs\weicms\Application\Common\Model\ManagerMenuModel.class.php 第 151 行.
NOTIC: [2] Invalid argument supplied for foreach() D:\AMXPP\htdocs\weicms\Application\Common\Model\ManagerMenuModel.class.php 第 151 行.
NOTIC: [2] Invalid argument supplied for foreach() D:\AMXPP\htdocs\weicms\Application\Common\Model\ManagerMenuModel.class.php 第 168 行.
NOTIC: [2] Invalid argument supplied for foreach() D:\AMXPP\htdocs\weicms\Application\Common\Model\ManagerMenuModel.class.php 第 176 行.
SQL: SELECT * FROM `wp_public_link` WHERE `uid` = 1  [ RunTime:0.0010s ]
NOTIC: [2] Invalid argument supplied for foreach() D:\AMXPP\htdocs\weicms\Application\Common\Model\PublicModel.class.php 第 48 行.
NOTIC: [8] Undefined variable: res D:\AMXPP\htdocs\weicms\Application\Common\Model\PublicModel.class.php 第 52 行.
SQL: SELECT `id`,`title` FROM `wp_addons` WHERE `status` = 1  [ RunTime:0.0000s ]
SQL: UPDATE `wp_attribute` SET `extra`='167:微信小程序内容管理Cms
' WHERE `name` = 'addon_status' [ RunTime:0.0020s ]
SQL: SELECT `id`,`title`,`url` FROM `wp_menu` WHERE `pid` = 0 AND `hide` = 0 AND `is_dev` = 0 ORDER BY sort asc  [ RunTime:0.0000s ]
SQL: SELECT `pid` FROM `wp_menu` WHERE ( pid !=0 AND url like '%Model/update_sql%' ) LIMIT 1   [ RunTime:0.0000s ]
SQL: SELECT * FROM `wp_menu` WHERE `id` = 68 LIMIT 1   [ RunTime:0.0010s ]
SQL: SELECT DISTINCT  `group` FROM `wp_menu` WHERE `group` <> '' AND `pid` = 68  [ RunTime:0.0000s ]
SQL: SELECT `id`,`url` FROM `wp_menu` WHERE `pid` = 68 AND `hide` = 0 AND `is_dev` = 0  [ RunTime:0.0000s ]
SQL: SELECT `id`,`pid`,`title`,`url`,`tip` FROM `wp_menu` WHERE `group` = '系统设置' AND `pid` = 68 AND `hide` = 0 AND `is_dev` = 0 ORDER BY sort asc  [ RunTime:0.0000s ]
SQL: SELECT `id`,`pid`,`title`,`url`,`tip` FROM `wp_menu` WHERE `group` = '数据备份' AND `pid` = 68 AND `hide` = 0 AND `is_dev` = 0 ORDER BY sort asc  [ RunTime:0.0010s ]
SQL: SELECT * FROM `wp_addons` WHERE `id` > 0 ORDER BY id asc LIMIT 1   [ RunTime:0.0000s ]
SQL: SELECT * FROM `wp_model` WHERE `addon` = 'Cms' ORDER BY id asc  [ RunTime:0.0000s ]
SQL: SELECT * FROM `wp_model` WHERE `id` = 1155 LIMIT 1   [ RunTime:0.0000s ]
SQL: SELECT * FROM `wp_attribute` WHERE `model_id` = 1155 ORDER BY id asc  [ RunTime:0.0010s ]
SQL: SELECT * FROM `wp_model` WHERE `id` = 1155 LIMIT 1   [ RunTime:0.0010s ]
SQL: SHOW INDEX FROM wp_cms [ RunTime:0.0010s ]
NOTIC: [8] Undefined variable: indexArr D:\AMXPP\htdocs\weicms\Application\Admin\Controller\ModelController.class.php 第 248 行.
NOTIC: [2] Invalid argument supplied for foreach() D:\AMXPP\htdocs\weicms\Application\Admin\Controller\ModelController.class.php 第 248 行.
NOTIC: [8] Undefined variable: sql D:\AMXPP\htdocs\weicms\Application\Admin\Controller\ModelController.class.php 第 276 行.
NOTIC: [8] Undefined variable: data D:\AMXPP\htdocs\weicms\Application\Admin\Controller\ModelController.class.php 第 286 行.
NOTIC: [2] Invalid argument supplied for foreach() D:\AMXPP\htdocs\weicms\Application\Admin\Controller\ModelController.class.php 第 286 行.
SQL: SELECT * FROM `wp_model` WHERE `id` = 1155 LIMIT 1   [ RunTime:0.0010s ]
SQL: SELECT * FROM `wp_attribute` WHERE `model_id` = 1155 ORDER BY id asc  [ RunTime:0.0000s ]
SQL: SELECT * FROM `wp_model` WHERE `id` = 1155 LIMIT 1   [ RunTime:0.0010s ]
INFO: [ app_end ] --START--
INFO: Run Behavior\ShowPageTraceBehavior [ RunTime:0.000000s ]
INFO: Run Behavior\CronRunBehavior [ RunTime:0.001000s ]
INFO: [ app_end ] --END-- [ RunTime:0.001000s ]

[ 2017-10-08T21:33:30+08:00 ] ::1 /weicms/index.php?s=/Admin/Model/update_sql/id/167.html
INFO: [ app_init ] --START--
INFO: Run Behavior\BuildLiteBehavior [ RunTime:0.000000s ]
INFO: Run Common\Behavior\InitHookBehavior [ RunTime:0.002000s ]
INFO: [ app_init ] --END-- [ RunTime:0.002000s ]
INFO: [ app_begin ] --START--
INFO: Run Behavior\ReadHtmlCacheBehavior [ RunTime:0.001000s ]
INFO: [ app_begin ] --END-- [ RunTime:0.001000s ]
NOTIC: [8] Undefined index: uid D:\AMXPP\htdocs\weicms\ThinkPHP\Library\Think\Controller.class.php 第 524 行.
SQL: SELECT `id`,`token` FROM `wp_public`  [ RunTime:0.0000s ]
NOTIC: [2] Invalid argument supplied for foreach() D:\AMXPP\htdocs\weicms\Application\Common\Model\PublicModel.class.php 第 31 行.
NOTIC: [8] Undefined index: addon_status D:\AMXPP\htdocs\weicms\Application\Common\Model\AddonStatusModel.class.php 第 47 行.
NOTIC: [8] Undefined index: group_id D:\AMXPP\htdocs\weicms\Application\Common\Model\AddonStatusModel.class.php 第 50 行.
NOTIC: [8] Undefined variable: addons D:\AMXPP\htdocs\weicms\Application\Common\Common\function.php 第 501 行.
SQL: SELECT * FROM `wp_manager_menu` WHERE `uid` = 1 AND `is_hide` = 0 ORDER BY sort asc, id asc  [ RunTime:0.0000s ]
SQL: SELECT * FROM `wp_manager_menu` WHERE `uid` = 1 AND `is_hide` = 0 ORDER BY sort asc, id asc  [ RunTime:0.0000s ]
NOTIC: [2] Invalid argument supplied for foreach() D:\AMXPP\htdocs\weicms\Application\Common\Model\ManagerMenuModel.class.php 第 45 行.
NOTIC: [2] Invalid argument supplied for foreach() D:\AMXPP\htdocs\weicms\Application\Common\Model\ManagerMenuModel.class.php 第 75 行.
NOTIC: [8] Undefined variable: res D:\AMXPP\htdocs\weicms\Application\Common\Model\ManagerMenuModel.class.php 第 121 行.
NOTIC: [8] Undefined index: core_top_menu D:\AMXPP\htdocs\weicms\Application\Common\Model\ManagerMenuModel.class.php 第 132 行.
NOTIC: [2] Invalid argument supplied for foreach() D:\AMXPP\htdocs\weicms\Application\Common\Model\ManagerMenuModel.class.php 第 132 行.
NOTIC: [8] Undefined index: default_data D:\AMXPP\htdocs\weicms\Application\Common\Model\ManagerMenuModel.class.php 第 151 行.
NOTIC: [2] Invalid argument supplied for foreach() D:\AMXPP\htdocs\weicms\Application\Common\Model\ManagerMenuModel.class.php 第 151 行.
NOTIC: [2] Invalid argument supplied for foreach() D:\AMXPP\htdocs\weicms\Application\Common\Model\ManagerMenuModel.class.php 第 168 行.
NOTIC: [2] Invalid argument supplied for foreach() D:\AMXPP\htdocs\weicms\Application\Common\Model\ManagerMenuModel.class.php 第 176 行.
SQL: SELECT * FROM `wp_public_link` WHERE `uid` = 1  [ RunTime:0.0010s ]
NOTIC: [2] Invalid argument supplied for foreach() D:\AMXPP\htdocs\weicms\Application\Common\Model\PublicModel.class.php 第 48 行.
NOTIC: [8] Undefined variable: res D:\AMXPP\htdocs\weicms\Application\Common\Model\PublicModel.class.php 第 52 行.
SQL: SELECT `id`,`title` FROM `wp_addons` WHERE `status` = 1  [ RunTime:0.0000s ]
SQL: UPDATE `wp_attribute` SET `extra`='167:微信小程序内容管理Cms
' WHERE `name` = 'addon_status' [ RunTime:0.0010s ]
SQL: SELECT `id`,`title`,`url` FROM `wp_menu` WHERE `pid` = 0 AND `hide` = 0 AND `is_dev` = 0 ORDER BY sort asc  [ RunTime:0.0000s ]
SQL: SELECT `pid` FROM `wp_menu` WHERE ( pid !=0 AND url like '%Model/update_sql%' ) LIMIT 1   [ RunTime:0.0010s ]
SQL: SELECT * FROM `wp_menu` WHERE `id` = 68 LIMIT 1   [ RunTime:0.0000s ]
SQL: SELECT DISTINCT  `group` FROM `wp_menu` WHERE `group` <> '' AND `pid` = 68  [ RunTime:0.0000s ]
SQL: SELECT `id`,`url` FROM `wp_menu` WHERE `pid` = 68 AND `hide` = 0 AND `is_dev` = 0  [ RunTime:0.0000s ]
SQL: SELECT `id`,`pid`,`title`,`url`,`tip` FROM `wp_menu` WHERE `group` = '系统设置' AND `pid` = 68 AND `hide` = 0 AND `is_dev` = 0 ORDER BY sort asc  [ RunTime:0.0000s ]
SQL: SELECT `id`,`pid`,`title`,`url`,`tip` FROM `wp_menu` WHERE `group` = '数据备份' AND `pid` = 68 AND `hide` = 0 AND `is_dev` = 0 ORDER BY sort asc  [ RunTime:0.0000s ]
SQL: SELECT * FROM `wp_addons` WHERE `id` > 167 ORDER BY id asc LIMIT 1   [ RunTime:0.0000s ]

[ 2017-10-08T21:33:44+08:00 ] ::1 /weicms/index.php?s=/Admin/Model/add_comon_model.html
INFO: [ app_init ] --START--
INFO: Run Behavior\BuildLiteBehavior [ RunTime:0.000000s ]
INFO: Run Common\Behavior\InitHookBehavior [ RunTime:0.002000s ]
INFO: [ app_init ] --END-- [ RunTime:0.002000s ]
INFO: [ app_begin ] --START--
INFO: Run Behavior\ReadHtmlCacheBehavior [ RunTime:0.000000s ]
INFO: [ app_begin ] --END-- [ RunTime:0.001000s ]
NOTIC: [8] Undefined index: uid D:\AMXPP\htdocs\weicms\ThinkPHP\Library\Think\Controller.class.php 第 524 行.
SQL: SELECT `id`,`token` FROM `wp_public`  [ RunTime:0.0000s ]
NOTIC: [2] Invalid argument supplied for foreach() D:\AMXPP\htdocs\weicms\Application\Common\Model\PublicModel.class.php 第 31 行.
NOTIC: [8] Undefined index: addon_status D:\AMXPP\htdocs\weicms\Application\Common\Model\AddonStatusModel.class.php 第 47 行.
NOTIC: [8] Undefined index: group_id D:\AMXPP\htdocs\weicms\Application\Common\Model\AddonStatusModel.class.php 第 50 行.
NOTIC: [8] Undefined variable: addons D:\AMXPP\htdocs\weicms\Application\Common\Common\function.php 第 501 行.
SQL: SELECT * FROM `wp_manager_menu` WHERE `uid` = 1 AND `is_hide` = 0 ORDER BY sort asc, id asc  [ RunTime:0.0000s ]
SQL: SELECT * FROM `wp_manager_menu` WHERE `uid` = 1 AND `is_hide` = 0 ORDER BY sort asc, id asc  [ RunTime:0.0000s ]
NOTIC: [2] Invalid argument supplied for foreach() D:\AMXPP\htdocs\weicms\Application\Common\Model\ManagerMenuModel.class.php 第 45 行.
NOTIC: [2] Invalid argument supplied for foreach() D:\AMXPP\htdocs\weicms\Application\Common\Model\ManagerMenuModel.class.php 第 75 行.
NOTIC: [8] Undefined variable: res D:\AMXPP\htdocs\weicms\Application\Common\Model\ManagerMenuModel.class.php 第 121 行.
NOTIC: [8] Undefined index: core_top_menu D:\AMXPP\htdocs\weicms\Application\Common\Model\ManagerMenuModel.class.php 第 132 行.
NOTIC: [2] Invalid argument supplied for foreach() D:\AMXPP\htdocs\weicms\Application\Common\Model\ManagerMenuModel.class.php 第 132 行.
NOTIC: [8] Undefined index: default_data D:\AMXPP\htdocs\weicms\Application\Common\Model\ManagerMenuModel.class.php 第 151 行.
NOTIC: [2] Invalid argument supplied for foreach() D:\AMXPP\htdocs\weicms\Application\Common\Model\ManagerMenuModel.class.php 第 151 行.
NOTIC: [2] Invalid argument supplied for foreach() D:\AMXPP\htdocs\weicms\Application\Common\Model\ManagerMenuModel.class.php 第 168 行.
NOTIC: [2] Invalid argument supplied for foreach() D:\AMXPP\htdocs\weicms\Application\Common\Model\ManagerMenuModel.class.php 第 176 行.
SQL: SELECT * FROM `wp_public_link` WHERE `uid` = 1  [ RunTime:0.0000s ]
NOTIC: [2] Invalid argument supplied for foreach() D:\AMXPP\htdocs\weicms\Application\Common\Model\PublicModel.class.php 第 48 行.
NOTIC: [8] Undefined variable: res D:\AMXPP\htdocs\weicms\Application\Common\Model\PublicModel.class.php 第 52 行.
SQL: SELECT `id`,`title` FROM `wp_addons` WHERE `status` = 1  [ RunTime:0.0010s ]
SQL: UPDATE `wp_attribute` SET `extra`='167:微信小程序内容管理Cms
' WHERE `name` = 'addon_status' [ RunTime:0.0020s ]
SQL: SELECT `id`,`title`,`url` FROM `wp_menu` WHERE `pid` = 0 AND `hide` = 0 AND `is_dev` = 0 ORDER BY sort asc  [ RunTime:0.0000s ]
SQL: SELECT `pid` FROM `wp_menu` WHERE ( pid !=0 AND url like '%Model/add_comon_model%' ) LIMIT 1   [ RunTime:0.0010s ]
SQL: SELECT * FROM `wp_menu` WHERE `id` = 68 LIMIT 1   [ RunTime:0.0000s ]
SQL: SELECT DISTINCT  `group` FROM `wp_menu` WHERE `group` <> '' AND `pid` = 68  [ RunTime:0.0010s ]
SQL: SELECT `id`,`url` FROM `wp_menu` WHERE `pid` = 68 AND `hide` = 0 AND `is_dev` = 0  [ RunTime:0.0000s ]
SQL: SELECT `id`,`pid`,`title`,`url`,`tip` FROM `wp_menu` WHERE `group` = '系统设置' AND `pid` = 68 AND `hide` = 0 AND `is_dev` = 0 ORDER BY sort asc  [ RunTime:0.0000s ]
SQL: SELECT `id`,`pid`,`title`,`url`,`tip` FROM `wp_menu` WHERE `group` = '数据备份' AND `pid` = 68 AND `hide` = 0 AND `is_dev` = 0 ORDER BY sort asc  [ RunTime:0.0010s ]
INFO: [ view_parse ] --START--
INFO: [ template_filter ] --START--
INFO: Run Behavior\ContentReplaceBehavior [ RunTime:0.000000s ]
INFO: [ template_filter ] --END-- [ RunTime:0.000000s ]
INFO: Run Behavior\ParseTemplateBehavior [ RunTime:0.006000s ]
INFO: [ view_parse ] --END-- [ RunTime:0.006000s ]
INFO: [ view_filter ] --START--
INFO: Run Behavior\WriteHtmlCacheBehavior [ RunTime:0.001000s ]
INFO: [ view_filter ] --END-- [ RunTime:0.001000s ]
INFO: [ app_end ] --START--
INFO: Run Behavior\ShowPageTraceBehavior [ RunTime:0.000000s ]
INFO: Run Behavior\CronRunBehavior [ RunTime:0.021000s ]
INFO: [ app_end ] --END-- [ RunTime:0.021000s ]

[ 2017-10-08T21:33:45+08:00 ] ::1 /weicms/index.php?s=/Admin/Model/index.html
INFO: [ app_init ] --START--
INFO: Run Behavior\BuildLiteBehavior [ RunTime:0.000000s ]
INFO: Run Common\Behavior\InitHookBehavior [ RunTime:0.003000s ]
INFO: [ app_init ] --END-- [ RunTime:0.003000s ]
INFO: [ app_begin ] --START--
INFO: Run Behavior\ReadHtmlCacheBehavior [ RunTime:0.000000s ]
INFO: [ app_begin ] --END-- [ RunTime:0.000000s ]
NOTIC: [8] Undefined index: uid D:\AMXPP\htdocs\weicms\ThinkPHP\Library\Think\Controller.class.php 第 524 行.
SQL: SELECT `id`,`token` FROM `wp_public`  [ RunTime:0.0000s ]
NOTIC: [2] Invalid argument supplied for foreach() D:\AMXPP\htdocs\weicms\Application\Common\Model\PublicModel.class.php 第 31 行.
NOTIC: [8] Undefined index: addon_status D:\AMXPP\htdocs\weicms\Application\Common\Model\AddonStatusModel.class.php 第 47 行.
NOTIC: [8] Undefined index: group_id D:\AMXPP\htdocs\weicms\Application\Common\Model\AddonStatusModel.class.php 第 50 行.
NOTIC: [8] Undefined variable: addons D:\AMXPP\htdocs\weicms\Application\Common\Common\function.php 第 501 行.
SQL: SELECT * FROM `wp_manager_menu` WHERE `uid` = 1 AND `is_hide` = 0 ORDER BY sort asc, id asc  [ RunTime:0.0000s ]
SQL: SELECT * FROM `wp_manager_menu` WHERE `uid` = 1 AND `is_hide` = 0 ORDER BY sort asc, id asc  [ RunTime:0.0000s ]
NOTIC: [2] Invalid argument supplied for foreach() D:\AMXPP\htdocs\weicms\Application\Common\Model\ManagerMenuModel.class.php 第 45 行.
NOTIC: [2] Invalid argument supplied for foreach() D:\AMXPP\htdocs\weicms\Application\Common\Model\ManagerMenuModel.class.php 第 75 行.
NOTIC: [8] Undefined variable: res D:\AMXPP\htdocs\weicms\Application\Common\Model\ManagerMenuModel.class.php 第 121 行.
NOTIC: [8] Undefined index: core_top_menu D:\AMXPP\htdocs\weicms\Application\Common\Model\ManagerMenuModel.class.php 第 132 行.
NOTIC: [2] Invalid argument supplied for foreach() D:\AMXPP\htdocs\weicms\Application\Common\Model\ManagerMenuModel.class.php 第 132 行.
NOTIC: [8] Undefined index: default_data D:\AMXPP\htdocs\weicms\Application\Common\Model\ManagerMenuModel.class.php 第 151 行.
NOTIC: [2] Invalid argument supplied for foreach() D:\AMXPP\htdocs\weicms\Application\Common\Model\ManagerMenuModel.class.php 第 151 行.
NOTIC: [2] Invalid argument supplied for foreach() D:\AMXPP\htdocs\weicms\Application\Common\Model\ManagerMenuModel.class.php 第 168 行.
NOTIC: [2] Invalid argument supplied for foreach() D:\AMXPP\htdocs\weicms\Application\Common\Model\ManagerMenuModel.class.php 第 176 行.
SQL: SELECT * FROM `wp_public_link` WHERE `uid` = 1  [ RunTime:0.0010s ]
NOTIC: [2] Invalid argument supplied for foreach() D:\AMXPP\htdocs\weicms\Application\Common\Model\PublicModel.class.php 第 48 行.
NOTIC: [8] Undefined variable: res D:\AMXPP\htdocs\weicms\Application\Common\Model\PublicModel.class.php 第 52 行.
SQL: SELECT `id`,`title` FROM `wp_addons` WHERE `status` = 1  [ RunTime:0.0000s ]
SQL: UPDATE `wp_attribute` SET `extra`='167:微信小程序内容管理Cms
' WHERE `name` = 'addon_status' [ RunTime:0.0010s ]
SQL: SELECT `id`,`title`,`url` FROM `wp_menu` WHERE `pid` = 0 AND `hide` = 0 AND `is_dev` = 0 ORDER BY sort asc  [ RunTime:0.0000s ]
SQL: SELECT `pid` FROM `wp_menu` WHERE ( pid !=0 AND url like '%Model/index%' ) LIMIT 1   [ RunTime:0.0010s ]
SQL: SELECT * FROM `wp_menu` WHERE `id` = 68 LIMIT 1   [ RunTime:0.0000s ]
SQL: SELECT DISTINCT  `group` FROM `wp_menu` WHERE `group` <> '' AND `pid` = 68  [ RunTime:0.0000s ]
SQL: SELECT `id`,`url` FROM `wp_menu` WHERE `pid` = 68 AND `hide` = 0 AND `is_dev` = 0  [ RunTime:0.0000s ]
SQL: SELECT `id`,`pid`,`title`,`url`,`tip` FROM `wp_menu` WHERE `group` = '系统设置' AND `pid` = 68 AND `hide` = 0 AND `is_dev` = 0 ORDER BY sort asc  [ RunTime:0.0010s ]
SQL: SELECT `id`,`pid`,`title`,`url`,`tip` FROM `wp_menu` WHERE `group` = '数据备份' AND `pid` = 68 AND `hide` = 0 AND `is_dev` = 0 ORDER BY sort asc  [ RunTime:0.0000s ]
SQL: SELECT COUNT(*) AS tp_count FROM `wp_model` WHERE `status` > -1 LIMIT 1   [ RunTime:0.0000s ]
SQL: SELECT `id`,`name`,`title`,`extend`,`relation`,`need_pk`,`field_sort`,`field_group`,`attribute_list`,`template_list`,`template_add`,`template_edit`,`list_grid`,`list_row`,`search_key`,`search_list`,`create_time`,`update_time`,`status`,`engine_type`,`addon` FROM `wp_model` WHERE `status` > -1 ORDER BY id desc LIMIT 0,20   [ RunTime:0.0010s ]
SQL: SELECT `name`,`title` FROM `wp_addons`  [ RunTime:0.0010s ]
NOTIC: [8] Undefined index: Shop D:\AMXPP\htdocs\weicms\Application\Admin\Controller\ModelController.class.php 第 43 行.
NOTIC: [8] Undefined index: UserCenter D:\AMXPP\htdocs\weicms\Application\Admin\Controller\ModelController.class.php 第 43 行.
NOTIC: [8] Undefined index: UserCenter D:\AMXPP\htdocs\weicms\Application\Admin\Controller\ModelController.class.php 第 43 行.
NOTIC: [8] Undefined index: Vote D:\AMXPP\htdocs\weicms\Application\Admin\Controller\ModelController.class.php 第 43 行.
NOTIC: [8] Undefined index: Vote D:\AMXPP\htdocs\weicms\Application\Admin\Controller\ModelController.class.php 第 43 行.
NOTIC: [8] Undefined index: Vote D:\AMXPP\htdocs\weicms\Application\Admin\Controller\ModelController.class.php 第 43 行.
INFO: [ view_parse ] --START--
INFO: [ template_filter ] --START--
INFO: Run Behavior\ContentReplaceBehavior [ RunTime:0.000000s ]
INFO: [ template_filter ] --END-- [ RunTime:0.000000s ]
INFO: Run Behavior\ParseTemplateBehavior [ RunTime:0.020000s ]
INFO: [ view_parse ] --END-- [ RunTime:0.020000s ]
INFO: [ view_filter ] --START--
INFO: Run Behavior\WriteHtmlCacheBehavior [ RunTime:0.000000s ]
INFO: [ view_filter ] --END-- [ RunTime:0.000000s ]
INFO: [ app_end ] --START--
INFO: Run Behavior\ShowPageTraceBehavior [ RunTime:0.001000s ]
INFO: Run Behavior\CronRunBehavior [ RunTime:0.002000s ]
INFO: [ app_end ] --END-- [ RunTime:0.003000s ]

[ 2017-10-08T21:33:56+08:00 ] ::1 /weicms/index.php?s=/Admin/Model/generate.html
INFO: [ app_init ] --START--
INFO: Run Behavior\BuildLiteBehavior [ RunTime:0.000000s ]
INFO: Run Common\Behavior\InitHookBehavior [ RunTime:0.001000s ]
INFO: [ app_init ] --END-- [ RunTime:0.002000s ]
INFO: [ app_begin ] --START--
INFO: Run Behavior\ReadHtmlCacheBehavior [ RunTime:0.001000s ]
INFO: [ app_begin ] --END-- [ RunTime:0.001000s ]
NOTIC: [8] Undefined index: uid D:\AMXPP\htdocs\weicms\ThinkPHP\Library\Think\Controller.class.php 第 524 行.
SQL: SELECT `id`,`token` FROM `wp_public`  [ RunTime:0.0010s ]
NOTIC: [2] Invalid argument supplied for foreach() D:\AMXPP\htdocs\weicms\Application\Common\Model\PublicModel.class.php 第 31 行.
NOTIC: [8] Undefined index: addon_status D:\AMXPP\htdocs\weicms\Application\Common\Model\AddonStatusModel.class.php 第 47 行.
NOTIC: [8] Undefined index: group_id D:\AMXPP\htdocs\weicms\Application\Common\Model\AddonStatusModel.class.php 第 50 行.
NOTIC: [8] Undefined variable: addons D:\AMXPP\htdocs\weicms\Application\Common\Common\function.php 第 501 行.
SQL: SELECT * FROM `wp_manager_menu` WHERE `uid` = 1 AND `is_hide` = 0 ORDER BY sort asc, id asc  [ RunTime:0.0010s ]
SQL: SELECT * FROM `wp_manager_menu` WHERE `uid` = 1 AND `is_hide` = 0 ORDER BY sort asc, id asc  [ RunTime:0.0010s ]
NOTIC: [2] Invalid argument supplied for foreach() D:\AMXPP\htdocs\weicms\Application\Common\Model\ManagerMenuModel.class.php 第 45 行.
NOTIC: [2] Invalid argument supplied for foreach() D:\AMXPP\htdocs\weicms\Application\Common\Model\ManagerMenuModel.class.php 第 75 行.
NOTIC: [8] Undefined variable: res D:\AMXPP\htdocs\weicms\Application\Common\Model\ManagerMenuModel.class.php 第 121 行.
NOTIC: [8] Undefined index: core_top_menu D:\AMXPP\htdocs\weicms\Application\Common\Model\ManagerMenuModel.class.php 第 132 行.
NOTIC: [2] Invalid argument supplied for foreach() D:\AMXPP\htdocs\weicms\Application\Common\Model\ManagerMenuModel.class.php 第 132 行.
NOTIC: [8] Undefined index: default_data D:\AMXPP\htdocs\weicms\Application\Common\Model\ManagerMenuModel.class.php 第 151 行.
NOTIC: [2] Invalid argument supplied for foreach() D:\AMXPP\htdocs\weicms\Application\Common\Model\ManagerMenuModel.class.php 第 151 行.
NOTIC: [2] Invalid argument supplied for foreach() D:\AMXPP\htdocs\weicms\Application\Common\Model\ManagerMenuModel.class.php 第 168 行.
NOTIC: [2] Invalid argument supplied for foreach() D:\AMXPP\htdocs\weicms\Application\Common\Model\ManagerMenuModel.class.php 第 176 行.
SQL: SELECT * FROM `wp_public_link` WHERE `uid` = 1  [ RunTime:0.0000s ]
NOTIC: [2] Invalid argument supplied for foreach() D:\AMXPP\htdocs\weicms\Application\Common\Model\PublicModel.class.php 第 48 行.
NOTIC: [8] Undefined variable: res D:\AMXPP\htdocs\weicms\Application\Common\Model\PublicModel.class.php 第 52 行.
SQL: SELECT `id`,`title` FROM `wp_addons` WHERE `status` = 1  [ RunTime:0.0000s ]
SQL: UPDATE `wp_attribute` SET `extra`='167:微信小程序内容管理Cms
' WHERE `name` = 'addon_status' [ RunTime:0.0020s ]
SQL: SELECT `id`,`title`,`url` FROM `wp_menu` WHERE `pid` = 0 AND `hide` = 0 AND `is_dev` = 0 ORDER BY sort asc  [ RunTime:0.0010s ]
SQL: SELECT `pid` FROM `wp_menu` WHERE ( pid !=0 AND url like '%Model/generate%' ) LIMIT 1   [ RunTime:0.0000s ]
SQL: SELECT * FROM `wp_menu` WHERE `id` = 58 LIMIT 1   [ RunTime:0.0010s ]
SQL: SELECT * FROM `wp_menu` WHERE `id` = 68 LIMIT 1   [ RunTime:0.0000s ]
SQL: SELECT DISTINCT  `group` FROM `wp_menu` WHERE `group` <> '' AND `pid` = 68  [ RunTime:0.0000s ]
SQL: SELECT `id`,`url` FROM `wp_menu` WHERE `pid` = 68 AND `hide` = 0 AND `is_dev` = 0  [ RunTime:0.0010s ]
SQL: SELECT `id`,`pid`,`title`,`url`,`tip` FROM `wp_menu` WHERE `group` = '系统设置' AND `pid` = 68 AND `hide` = 0 AND `is_dev` = 0 ORDER BY sort asc  [ RunTime:0.0000s ]
SQL: SELECT `id`,`pid`,`title`,`url`,`tip` FROM `wp_menu` WHERE `group` = '数据备份' AND `pid` = 68 AND `hide` = 0 AND `is_dev` = 0 ORDER BY sort asc  [ RunTime:0.0010s ]
SQL: SHOW TABLES  [ RunTime:0.0010s ]
INFO: [ view_parse ] --START--
INFO: [ template_filter ] --START--
INFO: Run Behavior\ContentReplaceBehavior [ RunTime:0.000000s ]
INFO: [ template_filter ] --END-- [ RunTime:0.000000s ]
NOTIC: [8] Undefined variable: id D:\AMXPP\htdocs\weicms\Runtime\Cache\Admin\d24dc8527789a2cbe9851f74ace52e97.php 第 135 行.
INFO: Run Behavior\ParseTemplateBehavior [ RunTime:0.024000s ]
INFO: [ view_parse ] --END-- [ RunTime:0.025000s ]
INFO: [ view_filter ] --START--
INFO: Run Behavior\WriteHtmlCacheBehavior [ RunTime:0.000000s ]
INFO: [ view_filter ] --END-- [ RunTime:0.000000s ]
INFO: [ app_end ] --START--
INFO: Run Behavior\ShowPageTraceBehavior [ RunTime:0.001000s ]
INFO: Run Behavior\CronRunBehavior [ RunTime:0.002000s ]
INFO: [ app_end ] --END-- [ RunTime:0.003000s ]

[ 2017-10-08T21:34:01+08:00 ] ::1 /weicms/index.php?s=/Admin/Model/setStatus/status/1.html
INFO: [ app_init ] --START--
INFO: Run Behavior\BuildLiteBehavior [ RunTime:0.000000s ]
INFO: Run Common\Behavior\InitHookBehavior [ RunTime:0.001000s ]
INFO: [ app_init ] --END-- [ RunTime:0.002000s ]
INFO: [ app_begin ] --START--
INFO: Run Behavior\ReadHtmlCacheBehavior [ RunTime:0.000000s ]
INFO: [ app_begin ] --END-- [ RunTime:0.000000s ]
NOTIC: [8] Undefined index: uid D:\AMXPP\htdocs\weicms\ThinkPHP\Library\Think\Controller.class.php 第 524 行.
SQL: SELECT `id`,`title` FROM `wp_addons` WHERE `status` = 1  [ RunTime:0.0000s ]
SQL: UPDATE `wp_attribute` SET `extra`='167:微信小程序内容管理Cms
' WHERE `name` = 'addon_status' [ RunTime:0.0020s ]
SQL: SELECT `id`,`title`,`url` FROM `wp_menu` WHERE `pid` = 0 AND `hide` = 0 AND `is_dev` = 0 ORDER BY sort asc  [ RunTime:0.0010s ]
SQL: SELECT `pid` FROM `wp_menu` WHERE ( pid !=0 AND url like '%Model/setStatus%' ) LIMIT 1   [ RunTime:0.0010s ]
SQL: SELECT * FROM `wp_menu` WHERE `id` = 58 LIMIT 1   [ RunTime:0.0000s ]
SQL: SELECT * FROM `wp_menu` WHERE `id` = 68 LIMIT 1   [ RunTime:0.0010s ]
SQL: SELECT DISTINCT  `group` FROM `wp_menu` WHERE `group` <> '' AND `pid` = 68  [ RunTime:0.0000s ]
SQL: SELECT `id`,`url` FROM `wp_menu` WHERE `pid` = 68 AND `hide` = 0 AND `is_dev` = 0  [ RunTime:0.0010s ]
SQL: SELECT `id`,`pid`,`title`,`url`,`tip` FROM `wp_menu` WHERE `group` = '系统设置' AND `pid` = 68 AND `hide` = 0 AND `is_dev` = 0 ORDER BY sort asc  [ RunTime:0.0000s ]
SQL: SELECT `id`,`pid`,`title`,`url`,`tip` FROM `wp_menu` WHERE `group` = '数据备份' AND `pid` = 68 AND `hide` = 0 AND `is_dev` = 0 ORDER BY sort asc  [ RunTime:0.0000s ]

[ 2017-10-08T21:34:05+08:00 ] ::1 /weicms/index.php?s=/Admin/Model/add.html
INFO: [ app_init ] --START--
INFO: Run Behavior\BuildLiteBehavior [ RunTime:0.000000s ]
INFO: Run Common\Behavior\InitHookBehavior [ RunTime:0.002000s ]
INFO: [ app_init ] --END-- [ RunTime:0.003000s ]
INFO: [ app_begin ] --START--
INFO: Run Behavior\ReadHtmlCacheBehavior [ RunTime:0.000000s ]
INFO: [ app_begin ] --END-- [ RunTime:0.000000s ]
NOTIC: [8] Undefined index: uid D:\AMXPP\htdocs\weicms\ThinkPHP\Library\Think\Controller.class.php 第 524 行.
SQL: SELECT `id`,`token` FROM `wp_public`  [ RunTime:0.0000s ]
NOTIC: [2] Invalid argument supplied for foreach() D:\AMXPP\htdocs\weicms\Application\Common\Model\PublicModel.class.php 第 31 行.
NOTIC: [8] Undefined index: addon_status D:\AMXPP\htdocs\weicms\Application\Common\Model\AddonStatusModel.class.php 第 47 行.
NOTIC: [8] Undefined index: group_id D:\AMXPP\htdocs\weicms\Application\Common\Model\AddonStatusModel.class.php 第 50 行.
NOTIC: [8] Undefined variable: addons D:\AMXPP\htdocs\weicms\Application\Common\Common\function.php 第 501 行.
SQL: SELECT * FROM `wp_manager_menu` WHERE `uid` = 1 AND `is_hide` = 0 ORDER BY sort asc, id asc  [ RunTime:0.0010s ]
SQL: SELECT * FROM `wp_manager_menu` WHERE `uid` = 1 AND `is_hide` = 0 ORDER BY sort asc, id asc  [ RunTime:0.0000s ]
NOTIC: [2] Invalid argument supplied for foreach() D:\AMXPP\htdocs\weicms\Application\Common\Model\ManagerMenuModel.class.php 第 45 行.
NOTIC: [2] Invalid argument supplied for foreach() D:\AMXPP\htdocs\weicms\Application\Common\Model\ManagerMenuModel.class.php 第 75 行.
NOTIC: [8] Undefined variable: res D:\AMXPP\htdocs\weicms\Application\Common\Model\ManagerMenuModel.class.php 第 121 行.
NOTIC: [8] Undefined index: core_top_menu D:\AMXPP\htdocs\weicms\Application\Common\Model\ManagerMenuModel.class.php 第 132 行.
NOTIC: [2] Invalid argument supplied for foreach() D:\AMXPP\htdocs\weicms\Application\Common\Model\ManagerMenuModel.class.php 第 132 行.
NOTIC: [8] Undefined index: default_data D:\AMXPP\htdocs\weicms\Application\Common\Model\ManagerMenuModel.class.php 第 151 行.
NOTIC: [2] Invalid argument supplied for foreach() D:\AMXPP\htdocs\weicms\Application\Common\Model\ManagerMenuModel.class.php 第 151 行.
NOTIC: [2] Invalid argument supplied for foreach() D:\AMXPP\htdocs\weicms\Application\Common\Model\ManagerMenuModel.class.php 第 168 行.
NOTIC: [2] Invalid argument supplied for foreach() D:\AMXPP\htdocs\weicms\Application\Common\Model\ManagerMenuModel.class.php 第 176 行.
SQL: SELECT * FROM `wp_public_link` WHERE `uid` = 1  [ RunTime:0.0000s ]
NOTIC: [2] Invalid argument supplied for foreach() D:\AMXPP\htdocs\weicms\Application\Common\Model\PublicModel.class.php 第 48 行.
NOTIC: [8] Undefined variable: res D:\AMXPP\htdocs\weicms\Application\Common\Model\PublicModel.class.php 第 52 行.
SQL: SELECT `id`,`title` FROM `wp_addons` WHERE `status` = 1  [ RunTime:0.0010s ]
SQL: UPDATE `wp_attribute` SET `extra`='167:微信小程序内容管理Cms
' WHERE `name` = 'addon_status' [ RunTime:0.0010s ]
SQL: SELECT `id`,`title`,`url` FROM `wp_menu` WHERE `pid` = 0 AND `hide` = 0 AND `is_dev` = 0 ORDER BY sort asc  [ RunTime:0.0000s ]
SQL: SELECT `pid` FROM `wp_menu` WHERE ( pid !=0 AND url like '%Model/add%' ) LIMIT 1   [ RunTime:0.0010s ]
SQL: SELECT * FROM `wp_menu` WHERE `id` = 58 LIMIT 1   [ RunTime:0.0000s ]
SQL: SELECT * FROM `wp_menu` WHERE `id` = 68 LIMIT 1   [ RunTime:0.0000s ]
SQL: SELECT DISTINCT  `group` FROM `wp_menu` WHERE `group` <> '' AND `pid` = 68  [ RunTime:0.0000s ]
SQL: SELECT `id`,`url` FROM `wp_menu` WHERE `pid` = 68 AND `hide` = 0 AND `is_dev` = 0  [ RunTime:0.0000s ]
SQL: SELECT `id`,`pid`,`title`,`url`,`tip` FROM `wp_menu` WHERE `group` = '系统设置' AND `pid` = 68 AND `hide` = 0 AND `is_dev` = 0 ORDER BY sort asc  [ RunTime:0.0000s ]
SQL: SELECT `id`,`pid`,`title`,`url`,`tip` FROM `wp_menu` WHERE `group` = '数据备份' AND `pid` = 68 AND `hide` = 0 AND `is_dev` = 0 ORDER BY sort asc  [ RunTime:0.0010s ]
SQL: SELECT `id`,`name`,`title` FROM `wp_model`  [ RunTime:0.0010s ]
SQL: SELECT `name`,`title` FROM `wp_addons`  [ RunTime:0.0000s ]
INFO: [ view_parse ] --START--
INFO: [ template_filter ] --START--
INFO: Run Behavior\ContentReplaceBehavior [ RunTime:0.000000s ]
INFO: [ template_filter ] --END-- [ RunTime:0.000000s ]
INFO: Run Behavior\ParseTemplateBehavior [ RunTime:0.012000s ]
INFO: [ view_parse ] --END-- [ RunTime:0.012000s ]
INFO: [ view_filter ] --START--
INFO: Run Behavior\WriteHtmlCacheBehavior [ RunTime:0.001000s ]
INFO: [ view_filter ] --END-- [ RunTime:0.001000s ]
INFO: [ app_end ] --START--
INFO: Run Behavior\ShowPageTraceBehavior [ RunTime:0.000000s ]
INFO: Run Behavior\CronRunBehavior [ RunTime:0.002000s ]
INFO: [ app_end ] --END-- [ RunTime:0.002000s ]

